<?xml version="1.0" encoding="UTF-8"?>
<!-- Generated by org.testng.reporters.JUnitReportReporter -->
<testsuite hostname="Sh" name="com.pack.test.SelectFlightPageTest" tests="1" failures="0" timestamp="14 Jul 2015 20:13:46 GMT" time="6.649" errors="0">
  <testcase name="verifySelectPage" time="6.649" classname="com.pack.test.SelectFlightPageTest"/>
</testsuite> <!-- com.pack.test.SelectFlightPageTest -->
