<?xml version="1.0" encoding="UTF-8"?>
<!-- Generated by org.testng.reporters.JUnitReportReporter -->
<testsuite hostname="Sh" name="com.pack.test.FlightFinderPageTest" tests="4" failures="0" timestamp="11 Jul 2015 03:52:22 GMT" time="1.399" errors="0">
  <testcase name="verifyFlightType" time="1.332" classname="com.pack.test.FlightFinderPageTest"/>
  <testcase name="verifyImgSrc" time="0.056" classname="com.pack.test.FlightFinderPageTest"/>
  <testcase name="testing" time="0.001" classname="com.pack.test.FlightFinderPageTest"/>
  <testcase name="sampleTest" time="0.010" classname="com.pack.test.FlightFinderPageTest"/>
</testsuite> <!-- com.pack.test.FlightFinderPageTest -->
