<?xml version="1.0" encoding="UTF-8"?>
<!-- Generated by org.testng.reporters.JUnitReportReporter -->
<testsuite hostname="Sh" name="com.pack.test.SignInPageTest" tests="4" failures="0" timestamp="11 Jul 2015 03:52:22 GMT" time="0.884" errors="0">
  <testcase name="sampleTest" time="0.001" classname="com.pack.test.SignInPageTest"/>
  <testcase name="verifyPageTitle" time="0.017" classname="com.pack.test.SignInPageTest"/>
  <testcase name="testing" time="0.003" classname="com.pack.test.SignInPageTest"/>
  <testcase name="verifySignIn" time="0.863" classname="com.pack.test.SignInPageTest"/>
</testsuite> <!-- com.pack.test.SignInPageTest -->
