<?xml version="1.0" encoding="UTF-8"?>
<!-- Generated by org.testng.reporters.JUnitReportReporter -->
<testsuite hostname="Sh" name="com.pack.test.FlightFinderPageTest" tests="4" failures="0" timestamp="14 Jul 2015 19:07:08 GMT" time="5.134" errors="0">
  <testcase name="sampleTest" time="0.004" classname="com.pack.test.FlightFinderPageTest"/>
  <testcase name="verifyImgSrc" time="0.043" classname="com.pack.test.FlightFinderPageTest"/>
  <testcase name="verifyFlightType" time="5.086" classname="com.pack.test.FlightFinderPageTest"/>
  <testcase name="testing" time="0.001" classname="com.pack.test.FlightFinderPageTest"/>
</testsuite> <!-- com.pack.test.FlightFinderPageTest -->
