<?xml version="1.0" encoding="UTF-8"?>
<!-- Generated by org.testng.reporters.JUnitReportReporter -->
<testsuite hostname="Sh" name="com.pack.test.SignInPageTest" tests="4" failures="0" timestamp="14 Jul 2015 19:07:08 GMT" time="2.094" errors="0">
  <testcase name="sampleTest" time="0.001" classname="com.pack.test.SignInPageTest"/>
  <testcase name="verifyPageTitle" time="0.016" classname="com.pack.test.SignInPageTest"/>
  <testcase name="testing" time="0.003" classname="com.pack.test.SignInPageTest"/>
  <testcase name="verifySignIn" time="2.074" classname="com.pack.test.SignInPageTest"/>
</testsuite> <!-- com.pack.test.SignInPageTest -->
