<?xml version="1.0" encoding="UTF-8"?>
<!-- Generated by org.testng.reporters.JUnitReportReporter -->
<testsuite hostname="Sh" name="com.pack.test.SampleTestClass" tests="1" failures="0" timestamp="8 Jul 2015 17:43:41 GMT" time="0.000" errors="0">
  <testcase name="sampleTest" time="0.000" classname="com.pack.test.SampleTestClass"/>
</testsuite> <!-- com.pack.test.SampleTestClass -->
