<?xml version="1.0" encoding="UTF-8"?>
<!-- Generated by org.testng.reporters.JUnitReportReporter -->
<testsuite hostname="Sh" name="com.pack.test.FlightFinderPageTest" tests="4" failures="0" timestamp="14 Jul 2015 14:57:38 GMT" time="1.425" errors="0">
  <testcase name="verifyImgSrc" time="0.051" classname="com.pack.test.FlightFinderPageTest"/>
  <testcase name="testing" time="0.000" classname="com.pack.test.FlightFinderPageTest"/>
  <testcase name="verifyFlightType" time="1.369" classname="com.pack.test.FlightFinderPageTest"/>
  <testcase name="sampleTest" time="0.005" classname="com.pack.test.FlightFinderPageTest"/>
</testsuite> <!-- com.pack.test.FlightFinderPageTest -->
