<?xml version="1.0" encoding="UTF-8"?>
<!-- Generated by org.testng.reporters.JUnitReportReporter -->
<testsuite hostname="Sh" name="com.pack.test.SignInPageTest" tests="4" failures="0" timestamp="8 Jul 2015 17:43:41 GMT" time="1.322" errors="0">
  <testcase name="verifySignIn" time="1.224" classname="com.pack.test.SignInPageTest"/>
  <testcase name="verifyPageTitle" time="0.097" classname="com.pack.test.SignInPageTest"/>
  <testcase name="sampleTest" time="0.000" classname="com.pack.test.SignInPageTest"/>
  <testcase name="testing" time="0.001" classname="com.pack.test.SignInPageTest"/>
</testsuite> <!-- com.pack.test.SignInPageTest -->
