<?xml version="1.0" encoding="UTF-8"?>
<!-- Generated by org.testng.reporters.JUnitReportReporter -->
<testsuite hostname="Sh" name="com.pack.test.SignInPageTest" tests="4" failures="0" timestamp="14 Jul 2015 14:57:38 GMT" time="0.800" errors="0">
  <testcase name="sampleTest" time="0.000" classname="com.pack.test.SignInPageTest"/>
  <testcase name="verifyPageTitle" time="0.026" classname="com.pack.test.SignInPageTest"/>
  <testcase name="testing" time="0.001" classname="com.pack.test.SignInPageTest"/>
  <testcase name="verifySignIn" time="0.773" classname="com.pack.test.SignInPageTest"/>
</testsuite> <!-- com.pack.test.SignInPageTest -->
