<?xml version="1.0" encoding="UTF-8"?>
<!-- Generated by org.testng.reporters.JUnitReportReporter -->
<testsuite hostname="Sh" name="com.pack.test.FlightFinderPageTest" tests="4" failures="0" timestamp="8 Jul 2015 17:43:41 GMT" time="3.045" errors="0">
  <testcase name="sampleTest" time="0.001" classname="com.pack.test.FlightFinderPageTest"/>
  <testcase name="verifyFlightType" time="2.929" classname="com.pack.test.FlightFinderPageTest"/>
  <testcase name="verifyImgSrc" time="0.115" classname="com.pack.test.FlightFinderPageTest"/>
  <testcase name="testing" time="0.000" classname="com.pack.test.FlightFinderPageTest"/>
</testsuite> <!-- com.pack.test.FlightFinderPageTest -->
