<?xml version="1.0" encoding="UTF-8"?>
<!-- Generated by org.testng.reporters.JUnitReportReporter -->
<testsuite hostname="Sh" name="com.pack.test.SignInPageTest" tests="4" failures="0" timestamp="11 Jul 2015 03:58:59 GMT" time="1.020" errors="0">
  <testcase name="sampleTest" time="0.001" classname="com.pack.test.SignInPageTest"/>
  <testcase name="verifyPageTitle" time="0.018" classname="com.pack.test.SignInPageTest"/>
  <testcase name="testing" time="0.000" classname="com.pack.test.SignInPageTest"/>
  <testcase name="verifySignIn" time="1.001" classname="com.pack.test.SignInPageTest"/>
</testsuite> <!-- com.pack.test.SignInPageTest -->
