<?xml version="1.0" encoding="UTF-8"?>
<!-- Generated by org.testng.reporters.JUnitReportReporter -->
<testsuite hostname="Sh" name="com.pack.test.FlightFinderPageTest" tests="4" failures="0" timestamp="11 Jul 2015 03:58:58 GMT" time="1.482" errors="0">
  <testcase name="verifyImgSrc" time="0.046" classname="com.pack.test.FlightFinderPageTest"/>
  <testcase name="testing" time="0.000" classname="com.pack.test.FlightFinderPageTest"/>
  <testcase name="verifyFlightType" time="1.432" classname="com.pack.test.FlightFinderPageTest"/>
  <testcase name="sampleTest" time="0.004" classname="com.pack.test.FlightFinderPageTest"/>
</testsuite> <!-- com.pack.test.FlightFinderPageTest -->
